<?xml version="1.0" encoding="UTF-8"?>
<!-- Generated by org.testng.reporters.JUnitReportReporter -->
<testsuite hostname="MCKL-7604-T" failures="0" tests="2" name="testNGExamples.Testing" time="0.021" errors="0" timestamp="2023-11-16T07:47:36 IST" skipped="0">
  <testcase classname="testNGExamples.Testing" name="test1" time="0.019"/>
  <system-out/>
  <testcase classname="testNGExamples.Testing" name="test" time="0.002"/>
  <system-out/>
</testsuite> <!-- testNGExamples.Testing -->
