<?xml version="1.0" encoding="UTF-8"?>
<!-- Generated by org.testng.reporters.JUnitReportReporter -->
<testsuite hostname="MCKL-7604-T" failures="0" tests="1" name="inHeritance.ChildClass" time="0.008" errors="0" timestamp="2023-11-26T12:05:38 IST" skipped="0">
  <testcase classname="inHeritance.ChildClass" name="FirstMethodinChild" time="0.008"/>
  <system-out/>
</testsuite> <!-- inHeritance.ChildClass -->
