<?xml version="1.0" encoding="UTF-8"?>
<!-- Generated by org.testng.reporters.JUnitReportReporter -->
<testsuite hostname="MCKL-7604-T" failures="0" tests="1" name="javaBasics.TernaryExample" time="0.018" errors="0" timestamp="2024-01-30T07:49:43 IST" skipped="0">
  <testcase classname="javaBasics.TernaryExample" name="TernaryTestExample" time="0.018"/>
  <system-out/>
</testsuite> <!-- javaBasics.TernaryExample -->
