<?xml version="1.0" encoding="UTF-8"?>
<!-- Generated by org.testng.reporters.JUnitReportReporter -->
<testsuite hostname="MCKL-7604-T" failures="0" tests="1" name="javaBasics.JavaStreamExample" time="0.019" errors="0" timestamp="2023-10-29T20:07:36 IST" skipped="0">
  <testcase classname="javaBasics.JavaStreamExample" name="javaStreamTest" time="0.019"/>
  <system-out/>
</testsuite> <!-- javaBasics.JavaStreamExample -->
