<?xml version="1.0" encoding="UTF-8"?>
<!-- Generated by org.testng.reporters.JUnitReportReporter -->
<testsuite hostname="MCKL-7604-T" failures="0" tests="3" name="testNGExamples.DataProvider" time="0.020" errors="0" timestamp="2024-03-10T11:52:00 IST" skipped="0">
  <testcase classname="testNGExamples.DataProvider" name="testCase" time="0.014"/>
  <system-out/>
  <testcase classname="testNGExamples.DataProvider" name="testCase" time="0.003"/>
  <system-out/>
  <testcase classname="testNGExamples.DataProvider" name="testCase" time="0.003"/>
  <system-out/>
</testsuite> <!-- testNGExamples.DataProvider -->
