<?xml version="1.0" encoding="UTF-8"?>
<!-- Generated by org.testng.reporters.JUnitReportReporter -->
<testsuite hostname="MCKL-7604-T" failures="0" tests="1" name="inHeritance.StrangerClass2" time="0.012" errors="0" timestamp="2023-11-26T12:33:49 IST" skipped="0">
  <testcase classname="inHeritance.StrangerClass2" name="operation" time="0.012"/>
  <system-out/>
</testsuite> <!-- inHeritance.StrangerClass2 -->
