<?xml version="1.0" encoding="UTF-8"?>
<!-- Generated by org.testng.reporters.JUnitReportReporter -->
<testsuite hostname="MCKL-7604-T" failures="0" tests="1" name="seleniumBasics.DownloadAndUpload" time="19.504" errors="0" timestamp="2024-03-27T18:22:47 IST" skipped="0">
  <testcase classname="seleniumBasics.DownloadAndUpload" name="upload1" time="19.504"/>
  <system-out/>
</testsuite> <!-- seleniumBasics.DownloadAndUpload -->
