<?xml version="1.0" encoding="UTF-8"?>
<!-- Generated by org.testng.reporters.JUnitReportReporter -->
<testsuite hostname="MCKL-7604-T" failures="0" tests="1" name="seleniumBasics.WindowsPopup" time="8.091" errors="0" timestamp="2024-03-21T07:50:12 IST" skipped="0">
  <testcase classname="seleniumBasics.WindowsPopup" name="WindowsPopUpMethod" time="8.091"/>
  <system-out/>
</testsuite> <!-- seleniumBasics.WindowsPopup -->
