<?xml version="1.0" encoding="UTF-8"?>
<!-- Generated by org.testng.reporters.JUnitReportReporter -->
<testsuite hostname="MCKL-7604-T" failures="0" tests="2" name="testNGExamples.TestingCarLoan" time="0.007" errors="0" timestamp="2024-03-13T19:04:37 IST" skipped="0">
  <testcase classname="testNGExamples.TestingCarLoan" name="WebNagivatetoDashboardCarLoan" time="0.002"/>
  <system-out/>
  <testcase classname="testNGExamples.TestingCarLoan" name="WebLoginCarLoan" time="0.005"/>
  <system-out/>
</testsuite> <!-- testNGExamples.TestingCarLoan -->
