<?xml version="1.0" encoding="UTF-8"?>
<!-- Generated by org.testng.reporters.JUnitReportReporter -->
<testsuite hostname="MCKL-7604-T" failures="0" tests="1" name="javaBasics.SimpleArray" time="0.015" errors="0" timestamp="2024-01-20T11:40:40 IST" skipped="0">
  <testcase classname="javaBasics.SimpleArray" name="arrayExample" time="0.015"/>
  <system-out/>
</testsuite> <!-- javaBasics.SimpleArray -->
