<?xml version="1.0" encoding="UTF-8"?>
<!-- Generated by org.testng.reporters.JUnitReportReporter -->
<testsuite hostname="MCKL-7604-T" failures="0" tests="2" name="extendReportsExample.ExtendReportSample" time="26.781" errors="0" timestamp="2024-01-07T10:29:10 IST" skipped="0">
  <testcase classname="extendReportsExample.ExtendReportSample" name="LaunchBrowser1" time="1.006"/>
  <system-out/>
  <testcase classname="extendReportsExample.ExtendReportSample" name="LaunchBrowser" time="25.775"/>
  <system-out/>
</testsuite> <!-- extendReportsExample.ExtendReportSample -->
