<?xml version="1.0" encoding="UTF-8"?>
<!-- Generated by org.testng.reporters.JUnitReportReporter -->
<testsuite hostname="MCKL-7604-T" failures="0" tests="1" name="dataBaseConnections.JDBCConnections" time="0.008" errors="0" timestamp="2024-03-21T07:40:37 IST" skipped="0">
  <testcase classname="dataBaseConnections.JDBCConnections" name="Test" time="0.008"/>
  <system-out/>
</testsuite> <!-- dataBaseConnections.JDBCConnections -->
